
Línea Peticion: GET /errores HTTP/1.1

Dirección IP del cliente: /127.0.0.1

Fecha: Mon Feb 25 19:27:35 CET 2019

Mensaje de Error: ARCHIVO NO ENCONTRADO


Línea Peticion: TRACE /index.html HTTP/1.0

Dirección IP del cliente: /127.0.0.1

Fecha: Mon Feb 25 19:30:44 CET 2019

Mensaje de Error: PETICION NO COMPRENDIDA


Línea Peticion: GET /notFound.html HTTP/1.0

Dirección IP del cliente: /127.0.0.1

Fecha: Mon Feb 25 19:30:44 CET 2019

Mensaje de Error: ARCHIVO NO ENCONTRADO


Línea Peticion: HEAD /notFound.html HTTP/1.0

Dirección IP del cliente: /127.0.0.1

Fecha: Mon Feb 25 19:30:44 CET 2019

Mensaje de Error: ARCHIVO NO ENCONTRADO


Línea Peticion: GET /jejejeejej HTTP/1.1

Dirección IP del cliente: /127.0.0.1

Fecha: Mon Feb 25 19:37:26 CET 2019

Mensaje de Error: ARCHIVO NO ENCONTRADO


Línea Peticion: GET /favicon.ico HTTP/1.1

Dirección IP del cliente: /127.0.0.1

Fecha: Mon Feb 25 19:37:26 CET 2019

Mensaje de Error: ARCHIVO NO ENCONTRADO


Línea Peticion: GET /joooo HTTP/1.1

Dirección IP del cliente: /127.0.0.1

Fecha: Mon Feb 25 19:37:26 CET 2019

Mensaje de Error: ARCHIVO NO ENCONTRADO


Línea Peticion: GET /index.html HTTP/1.0

Dirección IP del cliente: /127.0.0.1

Fecha: Fri Mar 27 14:36:47 CET 2020

Mensaje de Error: ARCHIVO NO ENCONTRADO


Línea Peticion: GET /index.html HTTP/1.0

Dirección IP del cliente: /127.0.0.1

Fecha: Fri Mar 27 14:36:47 CET 2020

Mensaje de Error: ARCHIVO NO ENCONTRADO


Línea Peticion: GET /udc.gif HTTP/1.0

Dirección IP del cliente: /127.0.0.1

Fecha: Fri Mar 27 14:36:47 CET 2020

Mensaje de Error: ARCHIVO NO ENCONTRADO


Línea Peticion: GET /fic.png HTTP/1.0

Dirección IP del cliente: /127.0.0.1

Fecha: Fri Mar 27 14:36:47 CET 2020

Mensaje de Error: ARCHIVO NO ENCONTRADO


Línea Peticion: GET /LICENSE.txt HTTP/1.0

Dirección IP del cliente: /127.0.0.1

Fecha: Fri Mar 27 14:36:47 CET 2020

Mensaje de Error: ARCHIVO NO ENCONTRADO


Línea Peticion: TRACE /index.html HTTP/1.0

Dirección IP del cliente: /127.0.0.1

Fecha: Fri Mar 27 14:36:47 CET 2020

Mensaje de Error: PETICION NO COMPRENDIDA


Línea Peticion: GET /notFound.html HTTP/1.0

Dirección IP del cliente: /127.0.0.1

Fecha: Fri Mar 27 14:36:47 CET 2020

Mensaje de Error: ARCHIVO NO ENCONTRADO


Línea Peticion: HEAD /index.html HTTP/1.0

Dirección IP del cliente: /127.0.0.1

Fecha: Fri Mar 27 14:36:47 CET 2020

Mensaje de Error: ARCHIVO NO ENCONTRADO


Línea Peticion: HEAD /udc.gif HTTP/1.0

Dirección IP del cliente: /127.0.0.1

Fecha: Fri Mar 27 14:36:47 CET 2020

Mensaje de Error: ARCHIVO NO ENCONTRADO


Línea Peticion: HEAD /notFound.html HTTP/1.0

Dirección IP del cliente: /127.0.0.1

Fecha: Fri Mar 27 14:36:47 CET 2020

Mensaje de Error: ARCHIVO NO ENCONTRADO


Línea Peticion: GET /index.html HTTP/1.0

Dirección IP del cliente: /127.0.0.1

Fecha: Fri Mar 27 14:37:15 CET 2020

Mensaje de Error: ARCHIVO NO ENCONTRADO


Línea Peticion: GET /index.html HTTP/1.0

Dirección IP del cliente: /127.0.0.1

Fecha: Fri Mar 27 14:37:15 CET 2020

Mensaje de Error: ARCHIVO NO ENCONTRADO


Línea Peticion: GET /udc.gif HTTP/1.0

Dirección IP del cliente: /127.0.0.1

Fecha: Fri Mar 27 14:37:15 CET 2020

Mensaje de Error: ARCHIVO NO ENCONTRADO


Línea Peticion: GET /fic.png HTTP/1.0

Dirección IP del cliente: /127.0.0.1

Fecha: Fri Mar 27 14:37:15 CET 2020

Mensaje de Error: ARCHIVO NO ENCONTRADO


Línea Peticion: GET /LICENSE.txt HTTP/1.0

Dirección IP del cliente: /127.0.0.1

Fecha: Fri Mar 27 14:37:15 CET 2020

Mensaje de Error: ARCHIVO NO ENCONTRADO


Línea Peticion: TRACE /index.html HTTP/1.0

Dirección IP del cliente: /127.0.0.1

Fecha: Fri Mar 27 14:37:15 CET 2020

Mensaje de Error: PETICION NO COMPRENDIDA


Línea Peticion: GET /notFound.html HTTP/1.0

Dirección IP del cliente: /127.0.0.1

Fecha: Fri Mar 27 14:37:15 CET 2020

Mensaje de Error: ARCHIVO NO ENCONTRADO


Línea Peticion: HEAD /index.html HTTP/1.0

Dirección IP del cliente: /127.0.0.1

Fecha: Fri Mar 27 14:37:15 CET 2020

Mensaje de Error: ARCHIVO NO ENCONTRADO


Línea Peticion: HEAD /udc.gif HTTP/1.0

Dirección IP del cliente: /127.0.0.1

Fecha: Fri Mar 27 14:37:15 CET 2020

Mensaje de Error: ARCHIVO NO ENCONTRADO


Línea Peticion: HEAD /notFound.html HTTP/1.0

Dirección IP del cliente: /127.0.0.1

Fecha: Fri Mar 27 14:37:15 CET 2020

Mensaje de Error: ARCHIVO NO ENCONTRADO


Línea Peticion: GET /index.html HTTP/1.0

Dirección IP del cliente: /127.0.0.1

Fecha: Fri Mar 27 14:37:16 CET 2020

Mensaje de Error: ARCHIVO NO ENCONTRADO


Línea Peticion: GET /index.html HTTP/1.0

Dirección IP del cliente: /127.0.0.1

Fecha: Fri Mar 27 14:37:16 CET 2020

Mensaje de Error: ARCHIVO NO ENCONTRADO


Línea Peticion: GET /udc.gif HTTP/1.0

Dirección IP del cliente: /127.0.0.1

Fecha: Fri Mar 27 14:37:16 CET 2020

Mensaje de Error: ARCHIVO NO ENCONTRADO


Línea Peticion: GET /fic.png HTTP/1.0

Dirección IP del cliente: /127.0.0.1

Fecha: Fri Mar 27 14:37:16 CET 2020

Mensaje de Error: ARCHIVO NO ENCONTRADO


Línea Peticion: GET /LICENSE.txt HTTP/1.0

Dirección IP del cliente: /127.0.0.1

Fecha: Fri Mar 27 14:37:16 CET 2020

Mensaje de Error: ARCHIVO NO ENCONTRADO


Línea Peticion: TRACE /index.html HTTP/1.0

Dirección IP del cliente: /127.0.0.1

Fecha: Fri Mar 27 14:37:16 CET 2020

Mensaje de Error: PETICION NO COMPRENDIDA


Línea Peticion: GET /notFound.html HTTP/1.0

Dirección IP del cliente: /127.0.0.1

Fecha: Fri Mar 27 14:37:16 CET 2020

Mensaje de Error: ARCHIVO NO ENCONTRADO


Línea Peticion: HEAD /index.html HTTP/1.0

Dirección IP del cliente: /127.0.0.1

Fecha: Fri Mar 27 14:37:16 CET 2020

Mensaje de Error: ARCHIVO NO ENCONTRADO


Línea Peticion: HEAD /udc.gif HTTP/1.0

Dirección IP del cliente: /127.0.0.1

Fecha: Fri Mar 27 14:37:16 CET 2020

Mensaje de Error: ARCHIVO NO ENCONTRADO


Línea Peticion: HEAD /notFound.html HTTP/1.0

Dirección IP del cliente: /127.0.0.1

Fecha: Fri Mar 27 14:37:16 CET 2020

Mensaje de Error: ARCHIVO NO ENCONTRADO


Línea Peticion: GET /index.html HTTP/1.0

Dirección IP del cliente: /127.0.0.1

Fecha: Fri Mar 27 14:37:17 CET 2020

Mensaje de Error: ARCHIVO NO ENCONTRADO


Línea Peticion: GET /index.html HTTP/1.0

Dirección IP del cliente: /127.0.0.1

Fecha: Fri Mar 27 14:37:17 CET 2020

Mensaje de Error: ARCHIVO NO ENCONTRADO


Línea Peticion: GET /udc.gif HTTP/1.0

Dirección IP del cliente: /127.0.0.1

Fecha: Fri Mar 27 14:37:17 CET 2020

Mensaje de Error: ARCHIVO NO ENCONTRADO


Línea Peticion: GET /fic.png HTTP/1.0

Dirección IP del cliente: /127.0.0.1

Fecha: Fri Mar 27 14:37:17 CET 2020

Mensaje de Error: ARCHIVO NO ENCONTRADO


Línea Peticion: GET /LICENSE.txt HTTP/1.0

Dirección IP del cliente: /127.0.0.1

Fecha: Fri Mar 27 14:37:17 CET 2020

Mensaje de Error: ARCHIVO NO ENCONTRADO


Línea Peticion: TRACE /index.html HTTP/1.0

Dirección IP del cliente: /127.0.0.1

Fecha: Fri Mar 27 14:37:17 CET 2020

Mensaje de Error: PETICION NO COMPRENDIDA


Línea Peticion: GET /notFound.html HTTP/1.0

Dirección IP del cliente: /127.0.0.1

Fecha: Fri Mar 27 14:37:17 CET 2020

Mensaje de Error: ARCHIVO NO ENCONTRADO


Línea Peticion: HEAD /index.html HTTP/1.0

Dirección IP del cliente: /127.0.0.1

Fecha: Fri Mar 27 14:37:17 CET 2020

Mensaje de Error: ARCHIVO NO ENCONTRADO


Línea Peticion: HEAD /udc.gif HTTP/1.0

Dirección IP del cliente: /127.0.0.1

Fecha: Fri Mar 27 14:37:17 CET 2020

Mensaje de Error: ARCHIVO NO ENCONTRADO


Línea Peticion: HEAD /notFound.html HTTP/1.0

Dirección IP del cliente: /127.0.0.1

Fecha: Fri Mar 27 14:37:17 CET 2020

Mensaje de Error: ARCHIVO NO ENCONTRADO


Línea Peticion: TRACE /index.html HTTP/1.0

Dirección IP del cliente: /127.0.0.1

Fecha: Fri Mar 27 14:50:31 CET 2020

Mensaje de Error: PETICION NO COMPRENDIDA


Línea Peticion: GET /notFound.html HTTP/1.0

Dirección IP del cliente: /127.0.0.1

Fecha: Fri Mar 27 14:50:31 CET 2020

Mensaje de Error: ARCHIVO NO ENCONTRADO


Línea Peticion: HEAD /notFound.html HTTP/1.0

Dirección IP del cliente: /127.0.0.1

Fecha: Fri Mar 27 14:50:31 CET 2020

Mensaje de Error: ARCHIVO NO ENCONTRADO


Línea Peticion: GET /favicon.ico HTTP/1.1

Dirección IP del cliente: /0:0:0:0:0:0:0:1

Fecha: Fri Mar 27 14:52:06 CET 2020

Mensaje de Error: ARCHIVO NO ENCONTRADO


Línea Peticion: HEAD /udc.gif/HTTP/1.1

Dirección IP del cliente: /127.0.0.1

Fecha: Fri Mar 27 19:08:26 CET 2020

Mensaje de Error: PETICION NO COMPRENDIDA


Línea Peticion: HEAD /udc.gif/HTTP/1.1

Dirección IP del cliente: /127.0.0.1

Fecha: Fri Mar 27 19:09:08 CET 2020

Mensaje de Error: PETICION NO COMPRENDIDA


Línea Peticion: HEAD /udc.gif/HTTP/1.1

Dirección IP del cliente: /127.0.0.1

Fecha: Fri Mar 27 19:09:25 CET 2020

Mensaje de Error: PETICION NO COMPRENDIDA


Línea Peticion: GET /index.html HTTP/1.0

Dirección IP del cliente: /127.0.0.1

Fecha: Fri Mar 27 19:10:22 CET 2020

Mensaje de Error: ARCHIVO NO ENCONTRADO


Línea Peticion: GET /index.html HTTP/1.0

Dirección IP del cliente: /127.0.0.1

Fecha: Fri Mar 27 19:10:22 CET 2020

Mensaje de Error: ARCHIVO NO ENCONTRADO


Línea Peticion: GET /udc.gif HTTP/1.0

Dirección IP del cliente: /127.0.0.1

Fecha: Fri Mar 27 19:10:22 CET 2020

Mensaje de Error: ARCHIVO NO ENCONTRADO


Línea Peticion: GET /fic.png HTTP/1.0

Dirección IP del cliente: /127.0.0.1

Fecha: Fri Mar 27 19:10:22 CET 2020

Mensaje de Error: ARCHIVO NO ENCONTRADO


Línea Peticion: GET /LICENSE.txt HTTP/1.0

Dirección IP del cliente: /127.0.0.1

Fecha: Fri Mar 27 19:10:22 CET 2020

Mensaje de Error: ARCHIVO NO ENCONTRADO


Línea Peticion: TRACE /index.html HTTP/1.0

Dirección IP del cliente: /127.0.0.1

Fecha: Fri Mar 27 19:10:22 CET 2020

Mensaje de Error: PETICION NO COMPRENDIDA


Línea Peticion: GET /notFound.html HTTP/1.0

Dirección IP del cliente: /127.0.0.1

Fecha: Fri Mar 27 19:10:22 CET 2020

Mensaje de Error: ARCHIVO NO ENCONTRADO


Línea Peticion: HEAD /index.html HTTP/1.0

Dirección IP del cliente: /127.0.0.1

Fecha: Fri Mar 27 19:10:22 CET 2020

Mensaje de Error: ARCHIVO NO ENCONTRADO


Línea Peticion: HEAD /udc.gif HTTP/1.0

Dirección IP del cliente: /127.0.0.1

Fecha: Fri Mar 27 19:10:22 CET 2020

Mensaje de Error: ARCHIVO NO ENCONTRADO


Línea Peticion: HEAD /notFound.html HTTP/1.0

Dirección IP del cliente: /127.0.0.1

Fecha: Fri Mar 27 19:10:22 CET 2020

Mensaje de Error: ARCHIVO NO ENCONTRADO

